\BOOKMARK [0][-]{chapter*.2}{D\351dicace}{}% 1
\BOOKMARK [0][-]{chapter*.3}{Remerciements}{}% 2
\BOOKMARK [0][-]{chapter*.4}{Sigles}{}% 3
\BOOKMARK [0][-]{chapter*.5}{R\351sum\351}{}% 4
\BOOKMARK [0][-]{chapter*.7}{Abstract}{}% 5
\BOOKMARK [0][-]{section*.8}{Tableaux}{}% 6
\BOOKMARK [0][-]{section*.9}{Codes}{}% 7
\BOOKMARK [0][-]{section*.9}{Figures}{}% 8
\BOOKMARK [0][-]{chapter*.10}{Introduction}{}% 9
\BOOKMARK [0][-]{chapter.1}{Background}{}% 10
\BOOKMARK [1][-]{section.1.1}{G\351n\351ralit\351s sur la Virtualisation}{chapter.1}% 11
\BOOKMARK [2][-]{subsection.1.1.1}{D\351finition}{section.1.1}% 12
\BOOKMARK [2][-]{subsection.1.1.2}{Syst\350mes de virtualisation}{section.1.1}% 13
\BOOKMARK [2][-]{subsection.1.1.3}{Techniques de virtualisation}{section.1.1}% 14
\BOOKMARK [2][-]{subsection.1.1.4}{Avantages de la virtualisation}{section.1.1}% 15
\BOOKMARK [1][-]{section.1.2}{Virtualisation de la m\351moire}{chapter.1}% 16
\BOOKMARK [2][-]{subsection.1.2.1}{Environnement natif \(sans virtualisation\)}{section.1.2}% 17
\BOOKMARK [2][-]{subsection.1.2.2}{Environnement virtualis\351}{section.1.2}% 18
\BOOKMARK [1][-]{section.1.3}{Page Modification Logging \(PML\)}{chapter.1}% 19
\BOOKMARK [2][-]{subsection.1.3.1}{Intel VT-x}{section.1.3}% 20
\BOOKMARK [2][-]{subsection.1.3.2}{Description du PML}{section.1.3}% 21
\BOOKMARK [0][-]{chapter.2}{Positionnement du probl\350me et Etat de l'art}{}% 22
\BOOKMARK [1][-]{section.2.1}{Enonc\351 du probl\350me}{chapter.2}% 23
\BOOKMARK [2][-]{subsection.2.1.1}{Allocation de m\351moire \340 la demande}{section.2.1}% 24
\BOOKMARK [2][-]{subsection.2.1.2}{Les m\351triques de l'estimation du WSS}{section.2.1}% 25
\BOOKMARK [1][-]{section.2.2}{Les techniques existantes}{chapter.2}% 26
\BOOKMARK [2][-]{subsection.2.2.1}{Self-ballooning}{section.2.2}% 27
\BOOKMARK [2][-]{subsection.2.2.2}{Zballoond}{section.2.2}% 28
\BOOKMARK [2][-]{subsection.2.2.3}{VMware}{section.2.2}% 29
\BOOKMARK [2][-]{subsection.2.2.4}{Geiger}{section.2.2}% 30
\BOOKMARK [2][-]{subsection.2.2.5}{Hypervisor Exclusive Cache}{section.2.2}% 31
\BOOKMARK [2][-]{subsection.2.2.6}{Dynamic MPA ballooning}{section.2.2}% 32
\BOOKMARK [0][-]{chapter.3}{Contributions}{}% 33
\BOOKMARK [1][-]{section.3.1}{Contributions sur le plan architectural}{chapter.3}% 34
\BOOKMARK [2][-]{subsection.3.1.1}{Design actuel du PML}{section.3.1}% 35
\BOOKMARK [2][-]{subsection.3.1.2}{Proposition d'un design am\351lior\351 pour l'estimation du WSS}{section.3.1}% 36
\BOOKMARK [1][-]{section.3.2}{Algorithmique d'estimation}{chapter.3}% 37
\BOOKMARK [1][-]{section.3.3}{Avantages de la solution propos\351e}{chapter.3}% 38
\BOOKMARK [0][-]{chapter.4}{Impl\351mentation et Evaluations}{}% 39
\BOOKMARK [1][-]{section.4.1}{Impl\351mentation}{chapter.4}% 40
\BOOKMARK [2][-]{subsection.4.1.1}{Environnement d'impl\351mentation}{section.4.1}% 41
\BOOKMARK [2][-]{subsection.4.1.2}{D\351tails d'impl\351mentation}{section.4.1}% 42
\BOOKMARK [1][-]{section.4.2}{\311valuations}{chapter.4}% 43
\BOOKMARK [2][-]{subsection.4.2.1}{Environnement d'\351valuation}{section.4.2}% 44
\BOOKMARK [2][-]{subsection.4.2.2}{Exp\351rimentation 1 : charge synth\351tique manipulant un working set constant}{section.4.2}% 45
\BOOKMARK [2][-]{subsection.4.2.3}{Exp\351rimentation 2 : charges synth\351tiques manipulant un working set variable \(en escaliers\)}{section.4.2}% 46
\BOOKMARK [0][-]{chapter.5}{Conclusion}{}% 47
\BOOKMARK [0][-]{appendix*.69}{Annexes}{}% 48
\BOOKMARK [1][-]{section*.70}{Annexe 1 : Description des structures d'accueil IRIT et LaBRI}{appendix*.69}% 49
\BOOKMARK [1][-]{section*.71}{Annexe 2 : Hypercalls d'activation et de d\351sactivation du PML}{appendix*.69}% 50
\BOOKMARK [1][-]{section*.72}{Annexe 3 : Modification de la structure de donn\351es bitmap}{appendix*.69}% 51
\BOOKMARK [1][-]{section*.73}{Annexe 4 : Modification du traitant pml buffer full}{appendix*.69}% 52
\BOOKMARK [1][-]{section*.74}{Annexe 5 : M\351canisme \(hypercall\) de copie des logs consolid\351s de l'hyperviseur vers le dom0}{appendix*.69}% 53
\BOOKMARK [1][-]{section*.75}{Annexe 6 : Version 0 de l'algorithme d'estimation du WSS}{appendix*.69}% 54
